This is pdfTeX, Version 3.1415926-2.5-1.40.14 (TeX Live 2013) (format=pdflatex 2014.3.17)  13 MAY 2014 18:35
entering extended mode
 restricted \write18 enabled.
 file:line:error style messages enabled.
 %&-line parsing enabled.
**GV.tex
(./GV.tex
LaTeX2e <2011/06/27>
Babel <3.9f> and hyphenation patterns for 78 languages loaded.
(./mn2e.cls
Document Class: mn2e 2001/02/06 v2.2 LaTeX2e MN document class
Document Style `MN' v2.2, released 2001 February 20
\math@groups=\toks14
LaTeX Font Info:    Overwriting symbol font `symbols' in version `bold'
(Font)                  OMS/cmsy/b/n --> OMS/cmsy/b/n on input line 223.
\symbmisymbols=\mathgroup4
\SFB@measure=\dimen102
\realparindent=\skip41
\c@part=\count79
\c@section=\count80
\c@subsection=\count81
\c@subsubsection=\count82
\c@paragraph=\count83
\c@subparagraph=\count84
\@indentskip=\skip42
\smallindent=\skip43
\@footindent=\skip44
\@leftskip=\skip45
\c@dummy=\count85
\c@table=\count86
\c@figure=\count87
\bibhang=\skip46
\mathindent=\dimen103
) (/usr/local/texlive/2013/texmf-dist/tex/latex/mdwtools/footnote.sty
Package: footnote 1997/01/28 1.13 Save footnotes around boxes
\fn@notes=\box26
\fn@width=\dimen104
)
(/usr/local/texlive/2013/texmf-dist/tex/latex/graphics/graphicx.sty
Package: graphicx 1999/02/16 v1.0f Enhanced LaTeX Graphics (DPC,SPQR)

(/usr/local/texlive/2013/texmf-dist/tex/latex/graphics/keyval.sty
Package: keyval 1999/03/16 v1.13 key=value parser (DPC)
\KV@toks@=\toks15
)
(/usr/local/texlive/2013/texmf-dist/tex/latex/graphics/graphics.sty
Package: graphics 2009/02/05 v1.0o Standard LaTeX Graphics (DPC,SPQR)

(/usr/local/texlive/2013/texmf-dist/tex/latex/graphics/trig.sty
Package: trig 1999/03/16 v1.09 sin cos tan (DPC)
)
(/usr/local/texlive/2013/texmf-dist/tex/latex/latexconfig/graphics.cfg
File: graphics.cfg 2010/04/23 v1.9 graphics configuration of TeX Live
)
Package graphics Info: Driver file: pdftex.def on input line 91.

(/usr/local/texlive/2013/texmf-dist/tex/latex/pdftex-def/pdftex.def
File: pdftex.def 2011/05/27 v0.06d Graphics/color for pdfTeX

(/usr/local/texlive/2013/texmf-dist/tex/generic/oberdiek/infwarerr.sty
Package: infwarerr 2010/04/08 v1.3 Providing info/warning/error messages (HO)
)
(/usr/local/texlive/2013/texmf-dist/tex/generic/oberdiek/ltxcmds.sty
Package: ltxcmds 2011/11/09 v1.22 LaTeX kernel commands for general use (HO)
)
\Gread@gobject=\count88
))
\Gin@req@height=\dimen105
\Gin@req@width=\dimen106
)
(/usr/local/texlive/2013/texmf-dist/tex/latex/amsmath/amsmath.sty
Package: amsmath 2013/01/14 v2.14 AMS math features
\@mathmargin=\skip47

For additional information on amsmath, use the `?' option.
(/usr/local/texlive/2013/texmf-dist/tex/latex/amsmath/amstext.sty
Package: amstext 2000/06/29 v2.01

(/usr/local/texlive/2013/texmf-dist/tex/latex/amsmath/amsgen.sty
File: amsgen.sty 1999/11/30 v2.0
\@emptytoks=\toks16
\ex@=\dimen107
))
(/usr/local/texlive/2013/texmf-dist/tex/latex/amsmath/amsbsy.sty
Package: amsbsy 1999/11/29 v1.2d
\pmbraise@=\dimen108
)
(/usr/local/texlive/2013/texmf-dist/tex/latex/amsmath/amsopn.sty
Package: amsopn 1999/12/14 v2.01 operator names
)
\inf@bad=\count89
LaTeX Info: Redefining \frac on input line 210.
\uproot@=\count90
\leftroot@=\count91
LaTeX Info: Redefining \overline on input line 306.
\classnum@=\count92
\DOTSCASE@=\count93
LaTeX Info: Redefining \ldots on input line 378.
LaTeX Info: Redefining \dots on input line 381.
LaTeX Info: Redefining \cdots on input line 466.
\Mathstrutbox@=\box27
\strutbox@=\box28
\big@size=\dimen109
LaTeX Font Info:    Redeclaring font encoding OML on input line 566.
LaTeX Font Info:    Redeclaring font encoding OMS on input line 567.
\macc@depth=\count94
\c@MaxMatrixCols=\count95
\dotsspace@=\muskip10
\c@parentequation=\count96
\dspbrk@lvl=\count97
\tag@help=\toks17
\row@=\count98
\column@=\count99
\maxfields@=\count100
\andhelp@=\toks18
\eqnshift@=\dimen110
\alignsep@=\dimen111
\tagshift@=\dimen112
\tagwidth@=\dimen113
\totwidth@=\dimen114
\lineht@=\dimen115
\@envbody=\toks19
\multlinegap=\skip48
\multlinetaggap=\skip49
\mathdisplay@stack=\toks20
LaTeX Info: Redefining \[ on input line 2665.
LaTeX Info: Redefining \] on input line 2666.
)
(/usr/local/texlive/2013/texmf-dist/tex/latex/natbib/natbib.sty
Package: natbib 2010/09/13 8.31b (PWD, AO)


/usr/local/texlive/2013/texmf-dist/tex/latex/natbib/natbib.sty:637: LaTeX Error
: Command \bibhang already defined.
               Or name \end... illegal, see p.192 of the manual.

See the LaTeX manual or LaTeX Companion for explanation.
Type  H <return>  for immediate help.
 ...                                              
                                                  
l.637 \newlength{\bibhang}
                          
? 
\bibsep=\skip50
LaTeX Info: Redefining \cite on input line 694.
\c@NAT@ctr=\count101
) (/usr/local/texlive/2013/texmf-dist/tex/latex/tools/array.sty
Package: array 2008/09/09 v2.4c Tabular extension package (FMi)
\col@sep=\dimen116
\extrarowheight=\dimen117
\NC@list=\toks21
\extratabsurround=\skip51
\backup@length=\skip52
)
(/usr/local/texlive/2013/texmf-dist/tex/latex/graphics/color.sty
Package: color 2005/11/14 v1.0j Standard LaTeX Color (DPC)

(/usr/local/texlive/2013/texmf-dist/tex/latex/latexconfig/color.cfg
File: color.cfg 2007/01/18 v1.5 color configuration of teTeX/TeXLive
)
Package color Info: Driver file: pdftex.def on input line 130.
)
(/usr/local/texlive/2013/texmf-dist/tex/latex/url/url.sty
\Urlmuskip=\muskip11
Package: url 2006/04/12  ver 3.3  Verb mode for urls, etc.
) (./GV.aux)
\openout1 = `GV.aux'.

LaTeX Font Info:    Checking defaults for OML/cmm/m/it on input line 10.
LaTeX Font Info:    ... okay on input line 10.
LaTeX Font Info:    Checking defaults for T1/cmr/m/n on input line 10.
LaTeX Font Info:    ... okay on input line 10.
LaTeX Font Info:    Checking defaults for OT1/cmr/m/n on input line 10.
LaTeX Font Info:    ... okay on input line 10.
LaTeX Font Info:    Checking defaults for OMS/cmsy/m/n on input line 10.
LaTeX Font Info:    ... okay on input line 10.
LaTeX Font Info:    Checking defaults for OMX/cmex/m/n on input line 10.
LaTeX Font Info:    ... okay on input line 10.
LaTeX Font Info:    Checking defaults for U/cmr/m/n on input line 10.
LaTeX Font Info:    ... okay on input line 10.

(/usr/local/texlive/2013/texmf-dist/tex/context/base/supp-pdf.mkii
[Loading MPS to PDF converter (version 2006.09.02).]
\scratchcounter=\count102
\scratchdimen=\dimen118
\scratchbox=\box29
\nofMPsegments=\count103
\nofMParguments=\count104
\everyMPshowfont=\toks22
\MPscratchCnt=\count105
\MPscratchDim=\dimen119
\MPnumerator=\count106
\makeMPintoPDFobject=\count107
\everyMPtoPDFconversion=\toks23
) (/usr/local/texlive/2013/texmf-dist/tex/generic/oberdiek/pdftexcmds.sty
Package: pdftexcmds 2011/11/29 v0.20 Utility functions of pdfTeX for LuaTeX (HO
)

(/usr/local/texlive/2013/texmf-dist/tex/generic/oberdiek/ifluatex.sty
Package: ifluatex 2010/03/01 v1.3 Provides the ifluatex switch (HO)
Package ifluatex Info: LuaTeX not detected.
)
(/usr/local/texlive/2013/texmf-dist/tex/generic/oberdiek/ifpdf.sty
Package: ifpdf 2011/01/30 v2.3 Provides the ifpdf switch (HO)
Package ifpdf Info: pdfTeX in PDF mode is detected.
)
Package pdftexcmds Info: LuaTeX not detected.
Package pdftexcmds Info: \pdf@primitive is available.
Package pdftexcmds Info: \pdf@ifprimitive is available.
Package pdftexcmds Info: \pdfdraftmode found.
)
(/usr/local/texlive/2013/texmf-dist/tex/latex/oberdiek/epstopdf-base.sty
Package: epstopdf-base 2010/02/09 v2.5 Base part for package epstopdf

(/usr/local/texlive/2013/texmf-dist/tex/latex/oberdiek/grfext.sty
Package: grfext 2010/08/19 v1.1 Manage graphics extensions (HO)

(/usr/local/texlive/2013/texmf-dist/tex/generic/oberdiek/kvdefinekeys.sty
Package: kvdefinekeys 2011/04/07 v1.3 Define keys (HO)
))
(/usr/local/texlive/2013/texmf-dist/tex/latex/oberdiek/kvoptions.sty
Package: kvoptions 2011/06/30 v3.11 Key value format for package options (HO)

(/usr/local/texlive/2013/texmf-dist/tex/generic/oberdiek/kvsetkeys.sty
Package: kvsetkeys 2012/04/25 v1.16 Key value parser (HO)

(/usr/local/texlive/2013/texmf-dist/tex/generic/oberdiek/etexcmds.sty
Package: etexcmds 2011/02/16 v1.5 Avoid name clashes with e-TeX commands (HO)
Package etexcmds Info: Could not find \expanded.
(etexcmds)             That can mean that you are not using pdfTeX 1.50 or
(etexcmds)             that some package has redefined \expanded.
(etexcmds)             In the latter case, load this package earlier.
)))
Package grfext Info: Graphics extension search list:
(grfext)             [.png,.pdf,.jpg,.mps,.jpeg,.jbig2,.jb2,.PNG,.PDF,.JPG,.JPE
G,.JBIG2,.JB2,.eps]
(grfext)             \AppendGraphicsExtensions on input line 452.

(/usr/local/texlive/2013/texmf-dist/tex/latex/latexconfig/epstopdf-sys.cfg
File: epstopdf-sys.cfg 2010/07/13 v1.3 Configuration of (r)epstopdf for TeX Liv
e
))
Overfull \hbox (18.95735pt too wide) in paragraph at lines 18--18
[][]  
 []


./GV.tex:25: LaTeX Error: There's no line here to end.

See the LaTeX manual or LaTeX Companion for explanation.
Type  H <return>  for immediate help.
 ...                                              
                                                  
l.25 \footnotetext
                  [1]{This investigation has been made possible by the parti...

? 

Underfull \hbox (badness 6927) in paragraph at lines 32--33
[]\OT1/cmr/m/n/9 This tran-si-tion must there-fore oc-cur on rapid
 []

<sfr_mass_subsets.pdf, id=1, 939.51pt x 650.43pt>
File: sfr_mass_subsets.pdf Graphic file (type pdf)
 <use sfr_mass_subsets.pdf>
Package pdftex.def Info: sfr_mass_subsets.pdf used on input line 36.
(pdftex.def)             Requested size: 453.59692pt x 314.029pt.

Underfull \vbox (badness 10000) has occurred while \output is active []

LaTeX Font Info:    Try loading font information for OMS+cmr on input line 42.

(/usr/local/texlive/2013/texmf-dist/tex/latex/base/omscmr.fd
File: omscmr.fd 1999/05/25 v2.5h Standard LaTeX font definitions
)
LaTeX Font Info:    Font shape `OMS/cmr/m/n' in size <8> not available
(Font)              Font shape `OMS/cmsy/m/n' tried instead on input line 42.
 [1{/usr/local/texlive/2013/texmf-var/fonts/map/pdftex/updmap/pdftex.map}


]
Underfull \vbox (badness 10000) has occurred while \output is active []


Underfull \vbox (badness 10000) has occurred while \output is active []

 [2 <./sfr_mass_subsets.pdf>] <col_mag_with_GV.pdf, id=309, 578.16pt x 433.62pt
>
File: col_mag_with_GV.pdf Graphic file (type pdf)

<use col_mag_with_GV.pdf>
Package pdftex.def Info: col_mag_with_GV.pdf used on input line 86.
(pdftex.def)             Requested size: 226.79846pt x 170.09697pt.

<sfr_mass_colour_diagram.pdf, id=310, 1228.59pt x 433.62pt>
File: sfr_mass_colour_diagram.pdf Graphic file (type pdf)

<use sfr_mass_colour_diagram.pdf>
Package pdftex.def Info: sfr_mass_colour_diagram.pdf used on input line 95.
(pdftex.def)             Requested size: 504.0pt x 177.8846pt.
 [3 <./col_mag_with_GV.pdf>]
Underfull \hbox (badness 1231) in paragraph at lines 109--110
[]\OT1/cmr/m/n/9 Specifically, the Galaxy Zoo 2 project con-sists of
 []


LaTeX Warning: Command \r invalid in math mode on input line 121.

<sfr_mass_evo.pdf, id=416, 939.51pt x 650.43pt>
File: sfr_mass_evo.pdf Graphic file (type pdf)
 <use sfr_mass_evo.pdf>
Package pdftex.def Info: sfr_mass_evo.pdf used on input line 126.
(pdftex.def)             Requested size: 504.0pt x 348.92442pt.
 [4 <./sfr_mass_colour_diagram.pdf>]
Underfull \vbox (badness 10000) has occurred while \output is active []

 [5 <./sfr_mass_evo.pdf>]
LaTeX Font Info:    Font shape `OMS/cmr/m/n' in size <9> not available
(Font)              Font shape `OMS/cmsy/m/n' tried instead on input line 169.
 <colours.pdf, id=868, 469.755pt x 1084.05pt>
File: colours.pdf Graphic file (type pdf)
 <use colours.pdf>
Package pdftex.def Info: colours.pdf used on input line 174.
(pdftex.def)             Requested size: 226.79846pt x 523.38168pt.

Underfull \vbox (badness 10000) has occurred while \output is active []

 [6 <./colours.pdf>] <all_smooth.pdf, id=1734, 722.7pt x 722.7pt>
File: all_smooth.pdf Graphic file (type pdf)
 <use all_smooth.pdf>
Package pdftex.def Info: all_smooth.pdf used on input line 252.
(pdftex.def)             Requested size: 250.73877pt x 250.73225pt.

<all_disc.pdf, id=1735, 722.7pt x 722.7pt>
File: all_disc.pdf Graphic file (type pdf)
 <use all_disc.pdf>
Package pdftex.def Info: all_disc.pdf used on input line 253.
(pdftex.def)             Requested size: 250.73877pt x 250.73225pt.
 [7]
Overfull \hbox (14.45973pt too wide) detected at line 269
[] [] \OT1/cmr/m/n/9 = [] [] [] \OML/cmm/m/it/9 :
 []

<red_s_smooth_new.pdf, id=1740, 722.7pt x 722.7pt>
File: red_s_smooth_new.pdf Graphic file (type pdf)
 <use red_s_smooth_new.pdf>
Package pdftex.def Info: red_s_smooth_new.pdf used on input line 287.
(pdftex.def)             Requested size: 250.73877pt x 250.73225pt.

<red_s_disc_new.pdf, id=1741, 722.7pt x 722.7pt>
File: red_s_disc_new.pdf Graphic file (type pdf)
 <use red_s_disc_new.pdf>
Package pdftex.def Info: red_s_disc_new.pdf used on input line 288.
(pdftex.def)             Requested size: 250.73877pt x 250.73225pt.

<red_s_smooth_clean_new.pdf, id=1742, 722.7pt x 722.7pt>
File: red_s_smooth_clean_new.pdf Graphic file (type pdf)

<use red_s_smooth_clean_new.pdf>
Package pdftex.def Info: red_s_smooth_clean_new.pdf used on input line 295.
(pdftex.def)             Requested size: 250.73877pt x 250.73225pt.

<red_s_disc_clean_new.pdf, id=1743, 722.7pt x 722.7pt>
File: red_s_disc_clean_new.pdf Graphic file (type pdf)

<use red_s_disc_clean_new.pdf>
Package pdftex.def Info: red_s_disc_clean_new.pdf used on input line 296.
(pdftex.def)             Requested size: 250.73877pt x 250.73225pt.
 <gv_smooth.pdf, id=1744, 722.7pt x 722.7pt>
File: gv_smooth.pdf Graphic file (type pdf)

<use gv_smooth.pdf>
Package pdftex.def Info: gv_smooth.pdf used on input line 302.
(pdftex.def)             Requested size: 250.73877pt x 250.73225pt.
 <gv_disc.pdf, id=1745, 722.7pt x 722.7pt>
File: gv_disc.pdf Graphic file (type pdf)

<use gv_disc.pdf>
Package pdftex.def Info: gv_disc.pdf used on input line 303.
(pdftex.def)             Requested size: 250.73877pt x 250.73225pt.
 <gv_smooth_clean.pdf, id=1746, 722.7pt x 722.7pt>
File: gv_smooth_clean.pdf Graphic file (type pdf)

<use gv_smooth_clean.pdf>
Package pdftex.def Info: gv_smooth_clean.pdf used on input line 309.
(pdftex.def)             Requested size: 250.73877pt x 250.73225pt.
 <gv_disc_clean.pdf, id=1747, 722.7pt x 722.7pt>
File: gv_disc_clean.pdf Graphic file (type pdf)

<use gv_disc_clean.pdf>
Package pdftex.def Info: gv_disc_clean.pdf used on input line 310.
(pdftex.def)             Requested size: 250.73877pt x 250.73225pt.
 <blue_c_smooth.pdf, id=1748, 722.7pt x 722.7pt>
File: blue_c_smooth.pdf Graphic file (type pdf)

<use blue_c_smooth.pdf>
Package pdftex.def Info: blue_c_smooth.pdf used on input line 316.
(pdftex.def)             Requested size: 250.73877pt x 250.73225pt.
 <blue_c_disc.pdf, id=1749, 722.7pt x 722.7pt>
File: blue_c_disc.pdf Graphic file (type pdf)

<use blue_c_disc.pdf>
Package pdftex.def Info: blue_c_disc.pdf used on input line 317.
(pdftex.def)             Requested size: 250.73877pt x 250.73225pt.
 <blue_c_smooth_clean.pdf, id=1750, 722.7pt x 722.7pt>
File: blue_c_smooth_clean.pdf Graphic file (type pdf)

<use blue_c_smooth_clean.pdf>
Package pdftex.def Info: blue_c_smooth_clean.pdf used on input line 323.
(pdftex.def)             Requested size: 250.73877pt x 250.73225pt.

<blue_c_disc_clean.pdf, id=1751, 722.7pt x 722.7pt>
File: blue_c_disc_clean.pdf Graphic file (type pdf)

<use blue_c_disc_clean.pdf>
Package pdftex.def Info: blue_c_disc_clean.pdf used on input line 324.
(pdftex.def)             Requested size: 250.73877pt x 250.73225pt.

Underfull \vbox (badness 10000) has occurred while \output is active []

 [8 <./all_smooth.pdf> <./all_disc.pdf

pdfTeX warning: /usr/texbin/pdflatex (file ./all_disc.pdf): PDF inclusion: mult
iple pdfs with page group included in a single page
>]
Underfull \vbox (badness 10000) has occurred while \output is active []


Underfull \vbox (badness 10000) has occurred while \output is active []

 [9 <./red_s_smooth_new.pdf> <./red_s_disc_new.pdf

pdfTeX warning: /usr/texbin/pdflatex (file ./red_s_disc_new.pdf): PDF inclusion
: multiple pdfs with page group included in a single page
> <./red_s_smooth_clean_new.pdf

pdfTeX warning: /usr/texbin/pdflatex (file ./red_s_smooth_clean_new.pdf): PDF i
nclusion: multiple pdfs with page group included in a single page
> <./red_s_disc_clean_new.pdf

pdfTeX warning: /usr/texbin/pdflatex (file ./red_s_disc_clean_new.pdf): PDF inc
lusion: multiple pdfs with page group included in a single page
>]
Underfull \vbox (badness 10000) has occurred while \output is active []

 [10 <./gv_smooth.pdf> <./gv_disc.pdf

pdfTeX warning: /usr/texbin/pdflatex (file ./gv_disc.pdf): PDF inclusion: multi
ple pdfs with page group included in a single page
> <./gv_smooth_clean.pdf

pdfTeX warning: /usr/texbin/pdflatex (file ./gv_smooth_clean.pdf): PDF inclusio
n: multiple pdfs with page group included in a single page
> <./gv_disc_clean.pdf

pdfTeX warning: /usr/texbin/pdflatex (file ./gv_disc_clean.pdf): PDF inclusion:
 multiple pdfs with page group included in a single page
>]
Underfull \vbox (badness 10000) has occurred while \output is active []


Underfull \vbox (badness 10000) has occurred while \output is active []

 [11 <./blue_c_smooth.pdf> <./blue_c_disc.pdf

pdfTeX warning: /usr/texbin/pdflatex (file ./blue_c_disc.pdf): PDF inclusion: m
ultiple pdfs with page group included in a single page
> <./blue_c_smooth_clean.pdf

pdfTeX warning: /usr/texbin/pdflatex (file ./blue_c_smooth_clean.pdf): PDF incl
usion: multiple pdfs with page group included in a single page
> <./blue_c_disc_clean.pdf

pdfTeX warning: /usr/texbin/pdflatex (file ./blue_c_disc_clean.pdf): PDF inclus
ion: multiple pdfs with page group included in a single page
>] [12]
Underfull \vbox (badness 10000) has occurred while \output is active []

 [13]

./GV.tex:430: LaTeX Error: \newblock undefined.

See the LaTeX manual or LaTeX Companion for explanation.
Type  H <return>  for immediate help.
 ...                                              
                                                  
l.430 \begin{thebibliography}{}
                               
? 
[14] <bars.pdf, id=6896, 722.7pt x 722.7pt>
File: bars.pdf Graphic file (type pdf)
 <use bars.pdf>
Package pdftex.def Info: bars.pdf used on input line 516.
(pdftex.def)             Requested size: 250.73877pt x 250.73225pt.

<no_bars.pdf, id=6897, 722.7pt x 722.7pt>
File: no_bars.pdf Graphic file (type pdf)
 <use no_bars.pdf>
Package pdftex.def Info: no_bars.pdf used on input line 517.
(pdftex.def)             Requested size: 250.73877pt x 250.73225pt.

<c_c_evo_numpy.pdf, id=6898, 1734.48pt x 361.35pt>
File: c_c_evo_numpy.pdf Graphic file (type pdf)
 <use c_c_evo_numpy.pdf>
Package pdftex.def Info: c_c_evo_numpy.pdf used on input line 534.
(pdftex.def)             Requested size: 504.0pt x 104.99834pt.

[15]
Underfull \vbox (badness 10000) has occurred while \output is active []

 [16 <./bars.pdf> <./no_bars.pdf

pdfTeX warning: /usr/texbin/pdflatex (file ./no_bars.pdf): PDF inclusion: multi
ple pdfs with page group included in a single page
> <./c_c_evo_numpy.pdf

pdfTeX warning: /usr/texbin/pdflatex (file ./c_c_evo_numpy.pdf): PDF inclusion:
 multiple pdfs with page group included in a single page
>] (./GV.aux) ) 
Here is how much of TeX's memory you used:
 3257 strings out of 493315
 43307 string characters out of 6137904
 118889 words of memory out of 5000000
 6644 multiletter control sequences out of 15000+600000
 14700 words of font info for 51 fonts, out of 8000000 for 9000
 957 hyphenation exceptions out of 8191
 38i,14n,25p,1280b,326s stack positions out of 5000i,500n,10000p,200000b,80000s
</usr/local/texlive/2013/texmf-dist/fonts/type1/public/amsfonts/
cm/cmbx12.pfb></usr/local/texlive/2013/texmf-dist/fonts/type1/public/amsfonts/c
m/cmbx8.pfb></usr/local/texlive/2013/texmf-dist/fonts/type1/public/amsfonts/cm/
cmbx9.pfb></usr/local/texlive/2013/texmf-dist/fonts/type1/public/amsfonts/cmext
ra/cmex9.pfb></usr/local/texlive/2013/texmf-dist/fonts/type1/public/amsfonts/cm
/cmmi10.pfb></usr/local/texlive/2013/texmf-dist/fonts/type1/public/amsfonts/cm/
cmmi5.pfb></usr/local/texlive/2013/texmf-dist/fonts/type1/public/amsfonts/cm/cm
mi6.pfb></usr/local/texlive/2013/texmf-dist/fonts/type1/public/amsfonts/cm/cmmi
7.pfb></usr/local/texlive/2013/texmf-dist/fonts/type1/public/amsfonts/cm/cmmi8.
pfb></usr/local/texlive/2013/texmf-dist/fonts/type1/public/amsfonts/cm/cmmi9.pf
b></usr/local/texlive/2013/texmf-dist/fonts/type1/public/amsfonts/cm/cmr10.pfb>
</usr/local/texlive/2013/texmf-dist/fonts/type1/public/amsfonts/cm/cmr12.pfb></
usr/local/texlive/2013/texmf-dist/fonts/type1/public/amsfonts/cm/cmr6.pfb></usr
/local/texlive/2013/texmf-dist/fonts/type1/public/amsfonts/cm/cmr8.pfb></usr/lo
cal/texlive/2013/texmf-dist/fonts/type1/public/amsfonts/cm/cmr9.pfb></usr/local
/texlive/2013/texmf-dist/fonts/type1/public/amsfonts/cm/cmsy6.pfb></usr/local/t
exlive/2013/texmf-dist/fonts/type1/public/amsfonts/cm/cmsy8.pfb></usr/local/tex
live/2013/texmf-dist/fonts/type1/public/amsfonts/cm/cmsy9.pfb></usr/local/texli
ve/2013/texmf-dist/fonts/type1/public/amsfonts/cm/cmti12.pfb></usr/local/texliv
e/2013/texmf-dist/fonts/type1/public/amsfonts/cm/cmti8.pfb></usr/local/texlive/
2013/texmf-dist/fonts/type1/public/amsfonts/cm/cmti9.pfb></usr/local/texlive/20
13/texmf-dist/fonts/type1/public/amsfonts/cm/cmtt8.pfb></usr/local/texlive/2013
/texmf-dist/fonts/type1/public/amsfonts/cm/cmtt9.pfb>
Output written on GV.pdf (16 pages, 6506192 bytes).
PDF statistics:
 7748 PDF objects out of 8907 (max. 8388607)
 576 compressed objects within 6 object streams
 0 named destinations out of 1000 (max. 500000)
 111 words of extra memory for PDF output out of 10000 (max. 10000000)

